d:\visual studio 2015\projects\winapiprograming\ultimateproject\finalproject\quicknotedll\x64\debug\quicknotedll.pch
d:\visual studio 2015\projects\winapiprograming\ultimateproject\finalproject\quicknotedll\x64\debug\vc140.pdb
d:\visual studio 2015\projects\winapiprograming\ultimateproject\finalproject\quicknotedll\x64\debug\vc140.idb
d:\visual studio 2015\projects\winapiprograming\ultimateproject\finalproject\quicknotedll\x64\debug\stdafx.obj
d:\visual studio 2015\projects\winapiprograming\ultimateproject\finalproject\quicknotedll\x64\debug\dllmain.obj
d:\visual studio 2015\projects\winapiprograming\ultimateproject\finalproject\quicknotedll\x64\debug\quicknotedll.obj
d:\visual studio 2015\projects\winapiprograming\ultimateproject\finalproject\x64\debug\quicknotedll.ilk
d:\visual studio 2015\projects\winapiprograming\ultimateproject\finalproject\x64\debug\quicknotedll.dll
d:\visual studio 2015\projects\winapiprograming\ultimateproject\finalproject\x64\debug\quicknotedll.pdb
d:\visual studio 2015\projects\winapiprograming\ultimateproject\finalproject\x64\debug\quicknotedll.lib
d:\visual studio 2015\projects\winapiprograming\ultimateproject\finalproject\x64\debug\quicknotedll.exp
d:\visual studio 2015\projects\winapiprograming\ultimateproject\finalproject\quicknotedll\x64\debug\resource.res
d:\visual studio 2015\projects\winapiprograming\ultimateproject\finalproject\quicknotedll\x64\debug\quicknotedll.tlog\cl.command.1.tlog
d:\visual studio 2015\projects\winapiprograming\ultimateproject\finalproject\quicknotedll\x64\debug\quicknotedll.tlog\cl.read.1.tlog
d:\visual studio 2015\projects\winapiprograming\ultimateproject\finalproject\quicknotedll\x64\debug\quicknotedll.tlog\cl.write.1.tlog
d:\visual studio 2015\projects\winapiprograming\ultimateproject\finalproject\quicknotedll\x64\debug\quicknotedll.tlog\link.command.1.tlog
d:\visual studio 2015\projects\winapiprograming\ultimateproject\finalproject\quicknotedll\x64\debug\quicknotedll.tlog\link.read.1.tlog
d:\visual studio 2015\projects\winapiprograming\ultimateproject\finalproject\quicknotedll\x64\debug\quicknotedll.tlog\link.write.1.tlog
d:\visual studio 2015\projects\winapiprograming\ultimateproject\finalproject\quicknotedll\x64\debug\quicknotedll.tlog\quicknotedll.write.1u.tlog
d:\visual studio 2015\projects\winapiprograming\ultimateproject\finalproject\quicknotedll\x64\debug\quicknotedll.tlog\rc.command.1.tlog
d:\visual studio 2015\projects\winapiprograming\ultimateproject\finalproject\quicknotedll\x64\debug\quicknotedll.tlog\rc.read.1.tlog
d:\visual studio 2015\projects\winapiprograming\ultimateproject\finalproject\quicknotedll\x64\debug\quicknotedll.tlog\rc.write.1.tlog
